Determining if the pthread_create exist failed with the following output:
Change Dir: /home/wuhang/eclipse-workspace/fpfh/build/CMakeFiles/CMakeTmp

Run Build Command:"/usr/bin/make" "cmTC_8ebdc/fast"
/usr/bin/make -f CMakeFiles/cmTC_8ebdc.dir/build.make CMakeFiles/cmTC_8ebdc.dir/build
make[1]: 进入目录“/home/wuhang/eclipse-workspace/fpfh/build/CMakeFiles/CMakeTmp”
Building C object CMakeFiles/cmTC_8ebdc.dir/CheckSymbolExists.c.o
/usr/bin/cc    -o CMakeFiles/cmTC_8ebdc.dir/CheckSymbolExists.c.o   -c /home/wuhang/eclipse-workspace/fpfh/build/CMakeFiles/CMakeTmp/CheckSymbolExists.c
Linking C executable cmTC_8ebdc
/usr/bin/cmake -E cmake_link_script CMakeFiles/cmTC_8ebdc.dir/link.txt --verbose=1
/usr/bin/cc      -rdynamic CMakeFiles/cmTC_8ebdc.dir/CheckSymbolExists.c.o  -o cmTC_8ebdc 
CMakeFiles/cmTC_8ebdc.dir/CheckSymbolExists.c.o：在函数‘main’中：
CheckSymbolExists.c:(.text+0x1b)：对‘pthread_create’未定义的引用
collect2: error: ld returned 1 exit status
CMakeFiles/cmTC_8ebdc.dir/build.make:97: recipe for target 'cmTC_8ebdc' failed
make[1]: *** [cmTC_8ebdc] Error 1
make[1]: 离开目录“/home/wuhang/eclipse-workspace/fpfh/build/CMakeFiles/CMakeTmp”
Makefile:126: recipe for target 'cmTC_8ebdc/fast' failed
make: *** [cmTC_8ebdc/fast] Error 2

File /home/wuhang/eclipse-workspace/fpfh/build/CMakeFiles/CMakeTmp/CheckSymbolExists.c:
/* */
#include <pthread.h>

int main(int argc, char** argv)
{
  (void)argv;
#ifndef pthread_create
  return ((int*)(&pthread_create))[argc];
#else
  (void)argc;
  return 0;
#endif
}

Determining if the function pthread_create exists in the pthreads failed with the following output:
Change Dir: /home/wuhang/eclipse-workspace/fpfh/build/CMakeFiles/CMakeTmp

Run Build Command:"/usr/bin/make" "cmTC_89cf5/fast"
/usr/bin/make -f CMakeFiles/cmTC_89cf5.dir/build.make CMakeFiles/cmTC_89cf5.dir/build
make[1]: 进入目录“/home/wuhang/eclipse-workspace/fpfh/build/CMakeFiles/CMakeTmp”
Building C object CMakeFiles/cmTC_89cf5.dir/CheckFunctionExists.c.o
/usr/bin/cc   -DCHECK_FUNCTION_EXISTS=pthread_create   -o CMakeFiles/cmTC_89cf5.dir/CheckFunctionExists.c.o   -c /usr/share/cmake-3.10/Modules/CheckFunctionExists.c
Linking C executable cmTC_89cf5
/usr/bin/cmake -E cmake_link_script CMakeFiles/cmTC_89cf5.dir/link.txt --verbose=1
/usr/bin/cc  -DCHECK_FUNCTION_EXISTS=pthread_create    -rdynamic CMakeFiles/cmTC_89cf5.dir/CheckFunctionExists.c.o  -o cmTC_89cf5 -lpthreads 
/usr/bin/ld: 找不到 -lpthreads
collect2: error: ld returned 1 exit status
CMakeFiles/cmTC_89cf5.dir/build.make:97: recipe for target 'cmTC_89cf5' failed
make[1]: *** [cmTC_89cf5] Error 1
make[1]: 离开目录“/home/wuhang/eclipse-workspace/fpfh/build/CMakeFiles/CMakeTmp”
Makefile:126: recipe for target 'cmTC_89cf5/fast' failed
make: *** [cmTC_89cf5/fast] Error 2


