Determining if the pthread_create exist failed with the following output:
Change Dir: /home/wuhang/eclipse-workspace/normal/build/CMakeFiles/CMakeTmp

Run Build Command:"/usr/bin/make" "cmTC_7963d/fast"
/usr/bin/make -f CMakeFiles/cmTC_7963d.dir/build.make CMakeFiles/cmTC_7963d.dir/build
make[1]: 进入目录“/home/wuhang/eclipse-workspace/normal/build/CMakeFiles/CMakeTmp”
Building C object CMakeFiles/cmTC_7963d.dir/CheckSymbolExists.c.o
/usr/bin/cc    -o CMakeFiles/cmTC_7963d.dir/CheckSymbolExists.c.o   -c /home/wuhang/eclipse-workspace/normal/build/CMakeFiles/CMakeTmp/CheckSymbolExists.c
Linking C executable cmTC_7963d
/usr/bin/cmake -E cmake_link_script CMakeFiles/cmTC_7963d.dir/link.txt --verbose=1
/usr/bin/cc      -rdynamic CMakeFiles/cmTC_7963d.dir/CheckSymbolExists.c.o  -o cmTC_7963d 
CMakeFiles/cmTC_7963d.dir/CheckSymbolExists.c.o：在函数‘main’中：
CheckSymbolExists.c:(.text+0x1b)：对‘pthread_create’未定义的引用
collect2: error: ld returned 1 exit status
CMakeFiles/cmTC_7963d.dir/build.make:97: recipe for target 'cmTC_7963d' failed
make[1]: *** [cmTC_7963d] Error 1
make[1]: 离开目录“/home/wuhang/eclipse-workspace/normal/build/CMakeFiles/CMakeTmp”
Makefile:126: recipe for target 'cmTC_7963d/fast' failed
make: *** [cmTC_7963d/fast] Error 2

File /home/wuhang/eclipse-workspace/normal/build/CMakeFiles/CMakeTmp/CheckSymbolExists.c:
/* */
#include <pthread.h>

int main(int argc, char** argv)
{
  (void)argv;
#ifndef pthread_create
  return ((int*)(&pthread_create))[argc];
#else
  (void)argc;
  return 0;
#endif
}

Determining if the function pthread_create exists in the pthreads failed with the following output:
Change Dir: /home/wuhang/eclipse-workspace/normal/build/CMakeFiles/CMakeTmp

Run Build Command:"/usr/bin/make" "cmTC_ad12d/fast"
/usr/bin/make -f CMakeFiles/cmTC_ad12d.dir/build.make CMakeFiles/cmTC_ad12d.dir/build
make[1]: 进入目录“/home/wuhang/eclipse-workspace/normal/build/CMakeFiles/CMakeTmp”
Building C object CMakeFiles/cmTC_ad12d.dir/CheckFunctionExists.c.o
/usr/bin/cc   -DCHECK_FUNCTION_EXISTS=pthread_create   -o CMakeFiles/cmTC_ad12d.dir/CheckFunctionExists.c.o   -c /usr/share/cmake-3.10/Modules/CheckFunctionExists.c
Linking C executable cmTC_ad12d
/usr/bin/cmake -E cmake_link_script CMakeFiles/cmTC_ad12d.dir/link.txt --verbose=1
/usr/bin/cc  -DCHECK_FUNCTION_EXISTS=pthread_create    -rdynamic CMakeFiles/cmTC_ad12d.dir/CheckFunctionExists.c.o  -o cmTC_ad12d -lpthreads 
/usr/bin/ld: 找不到 -lpthreads
collect2: error: ld returned 1 exit status
CMakeFiles/cmTC_ad12d.dir/build.make:97: recipe for target 'cmTC_ad12d' failed
make[1]: *** [cmTC_ad12d] Error 1
make[1]: 离开目录“/home/wuhang/eclipse-workspace/normal/build/CMakeFiles/CMakeTmp”
Makefile:126: recipe for target 'cmTC_ad12d/fast' failed
make: *** [cmTC_ad12d/fast] Error 2


